[2023-01-20 14:25:05:3750] DEBUG 8748 --- [           main] s.w.s.m.m.a.RequestMappingHandlerMapping : 50 mappings in 'requestMappingHandlerMapping'
[2023-01-20 14:25:05:3919] DEBUG 8748 --- [           main] s.w.s.m.m.a.RequestMappingHandlerAdapter : ControllerAdvice beans: 0 @ModelAttribute, 0 @InitBinder, 1 RequestBodyAdvice, 1 ResponseBodyAdvice
[2023-01-20 14:25:05:3963] DEBUG 8748 --- [           main] o.s.w.s.h.SimpleUrlHandlerMapping        : Patterns [/swagger-ui/] in 'viewControllerHandlerMapping'
[2023-01-20 14:25:06:3970] DEBUG 8748 --- [           main] o.s.w.s.h.SimpleUrlHandlerMapping        : Patterns [/webjars/**, /**, /swagger-ui/**] in 'resourceHandlerMapping'
[2023-01-20 14:25:06:3979] DEBUG 8748 --- [           main] .m.m.a.ExceptionHandlerExceptionResolver : ControllerAdvice beans: 0 @ExceptionHandler, 1 ResponseBodyAdvice
[2023-01-20 14:25:13:11167] INFO  8748 --- [nio-8080-exec-1] o.s.web.servlet.DispatcherServlet        : Initializing Servlet 'dispatcherServlet'
[2023-01-20 14:25:13:11168] DEBUG 8748 --- [nio-8080-exec-1] o.s.web.servlet.DispatcherServlet        : Detected StandardServletMultipartResolver
[2023-01-20 14:25:13:11168] DEBUG 8748 --- [nio-8080-exec-1] o.s.web.servlet.DispatcherServlet        : Detected AcceptHeaderLocaleResolver
[2023-01-20 14:25:13:11168] DEBUG 8748 --- [nio-8080-exec-1] o.s.web.servlet.DispatcherServlet        : Detected FixedThemeResolver
[2023-01-20 14:25:13:11169] DEBUG 8748 --- [nio-8080-exec-1] o.s.web.servlet.DispatcherServlet        : Detected org.springframework.web.servlet.view.DefaultRequestToViewNameTranslator@39f7cc46
[2023-01-20 14:25:13:11170] DEBUG 8748 --- [nio-8080-exec-1] o.s.web.servlet.DispatcherServlet        : Detected org.springframework.web.servlet.support.SessionFlashMapManager@6164b3a2
[2023-01-20 14:25:13:11170] DEBUG 8748 --- [nio-8080-exec-1] o.s.web.servlet.DispatcherServlet        : enableLoggingRequestDetails='false': request parameters and headers will be masked to prevent unsafe logging of potentially sensitive data
[2023-01-20 14:25:13:11170] INFO  8748 --- [nio-8080-exec-1] o.s.web.servlet.DispatcherServlet        : Completed initialization in 2 ms
[2023-01-20 14:25:13:11181] DEBUG 8748 --- [nio-8080-exec-1] o.s.web.servlet.DispatcherServlet        : GET "/swagger-ui/index.html", parameters={}
[2023-01-20 14:25:13:11189] DEBUG 8748 --- [nio-8080-exec-1] o.s.w.s.h.SimpleUrlHandlerMapping        : Mapped to ResourceHttpRequestHandler [classpath [META-INF/resources/webjars/springfox-swagger-ui/]]
[2023-01-20 14:25:13:11194] DEBUG 8748 --- [nio-8080-exec-1] o.s.web.servlet.DispatcherServlet        : Completed 304 NOT_MODIFIED
[2023-01-20 14:25:13:11212] DEBUG 8748 --- [nio-8080-exec-2] o.s.web.servlet.DispatcherServlet        : GET "/swagger-ui/springfox.css?v=3.0.0", parameters={masked}
[2023-01-20 14:25:13:11213] DEBUG 8748 --- [nio-8080-exec-2] o.s.w.s.h.SimpleUrlHandlerMapping        : Mapped to ResourceHttpRequestHandler [classpath [META-INF/resources/webjars/springfox-swagger-ui/]]
[2023-01-20 14:25:13:11215] DEBUG 8748 --- [nio-8080-exec-2] o.s.web.servlet.DispatcherServlet        : Completed 304 NOT_MODIFIED
[2023-01-20 14:25:13:11220] DEBUG 8748 --- [nio-8080-exec-4] o.s.web.servlet.DispatcherServlet        : GET "/swagger-ui/swagger-ui.css?v=3.0.0", parameters={masked}
[2023-01-20 14:25:13:11221] DEBUG 8748 --- [nio-8080-exec-3] o.s.web.servlet.DispatcherServlet        : GET "/swagger-ui/swagger-ui-bundle.js?v=3.0.0", parameters={masked}
[2023-01-20 14:25:13:11221] DEBUG 8748 --- [nio-8080-exec-7] o.s.web.servlet.DispatcherServlet        : GET "/swagger-ui/swagger-ui-standalone-preset.js?v=3.0.0", parameters={masked}
[2023-01-20 14:25:13:11221] DEBUG 8748 --- [nio-8080-exec-6] o.s.web.servlet.DispatcherServlet        : GET "/swagger-ui/springfox.js?v=3.0.0", parameters={masked}
[2023-01-20 14:25:13:11221] DEBUG 8748 --- [nio-8080-exec-4] o.s.w.s.h.SimpleUrlHandlerMapping        : Mapped to ResourceHttpRequestHandler [classpath [META-INF/resources/webjars/springfox-swagger-ui/]]
[2023-01-20 14:25:13:11222] DEBUG 8748 --- [nio-8080-exec-3] o.s.w.s.h.SimpleUrlHandlerMapping        : Mapped to ResourceHttpRequestHandler [classpath [META-INF/resources/webjars/springfox-swagger-ui/]]
[2023-01-20 14:25:13:11222] DEBUG 8748 --- [nio-8080-exec-7] o.s.w.s.h.SimpleUrlHandlerMapping        : Mapped to ResourceHttpRequestHandler [classpath [META-INF/resources/webjars/springfox-swagger-ui/]]
[2023-01-20 14:25:13:11222] DEBUG 8748 --- [nio-8080-exec-6] o.s.w.s.h.SimpleUrlHandlerMapping        : Mapped to ResourceHttpRequestHandler [classpath [META-INF/resources/webjars/springfox-swagger-ui/]]
[2023-01-20 14:25:13:11223] DEBUG 8748 --- [nio-8080-exec-4] o.s.web.servlet.DispatcherServlet        : Completed 304 NOT_MODIFIED
[2023-01-20 14:25:13:11224] DEBUG 8748 --- [nio-8080-exec-3] o.s.web.servlet.DispatcherServlet        : Completed 304 NOT_MODIFIED
[2023-01-20 14:25:13:11224] DEBUG 8748 --- [nio-8080-exec-7] o.s.web.servlet.DispatcherServlet        : Completed 304 NOT_MODIFIED
[2023-01-20 14:25:13:11224] DEBUG 8748 --- [nio-8080-exec-6] o.s.web.servlet.DispatcherServlet        : Completed 304 NOT_MODIFIED
[2023-01-20 14:25:13:11397] DEBUG 8748 --- [io-8080-exec-10] o.s.web.servlet.DispatcherServlet        : GET "/swagger-resources/configuration/ui", parameters={}
[2023-01-20 14:25:13:11399] DEBUG 8748 --- [nio-8080-exec-8] o.s.web.servlet.DispatcherServlet        : GET "/swagger-ui/favicon-32x32.png?v=3.0.0", parameters={masked}
[2023-01-20 14:25:13:11399] DEBUG 8748 --- [io-8080-exec-10] s.w.s.m.m.a.RequestMappingHandlerMapping : Mapped to springfox.documentation.swagger.web.ApiResourceController#uiConfiguration()
[2023-01-20 14:25:13:11400] DEBUG 8748 --- [nio-8080-exec-8] o.s.w.s.h.SimpleUrlHandlerMapping        : Mapped to ResourceHttpRequestHandler [classpath [META-INF/resources/webjars/springfox-swagger-ui/]]
[2023-01-20 14:25:13:11402] DEBUG 8748 --- [nio-8080-exec-8] o.s.web.servlet.DispatcherServlet        : Completed 304 NOT_MODIFIED
[2023-01-20 14:25:13:11416] DEBUG 8748 --- [io-8080-exec-10] o.s.w.s.m.m.a.HttpEntityMethodProcessor  : Using 'application/json', given [application/json] and supported [application/json]
[2023-01-20 14:25:13:11445] DEBUG 8748 --- [io-8080-exec-10] o.s.w.s.m.m.a.HttpEntityMethodProcessor  : Writing [springfox.documentation.swagger.web.UiConfiguration@3418692d]
[2023-01-20 14:25:13:11464] DEBUG 8748 --- [io-8080-exec-10] o.s.web.servlet.DispatcherServlet        : Completed 200 OK
[2023-01-20 14:25:13:11468] DEBUG 8748 --- [nio-8080-exec-9] o.s.web.servlet.DispatcherServlet        : GET "/swagger-resources/configuration/security", parameters={}
[2023-01-20 14:25:13:11469] DEBUG 8748 --- [nio-8080-exec-9] s.w.s.m.m.a.RequestMappingHandlerMapping : Mapped to springfox.documentation.swagger.web.ApiResourceController#securityConfiguration()
[2023-01-20 14:25:13:11469] DEBUG 8748 --- [nio-8080-exec-9] o.s.w.s.m.m.a.HttpEntityMethodProcessor  : Using 'application/json', given [application/json] and supported [application/json]
[2023-01-20 14:25:13:11472] DEBUG 8748 --- [nio-8080-exec-9] o.s.w.s.m.m.a.HttpEntityMethodProcessor  : Writing [springfox.documentation.swagger.web.SecurityConfiguration@cf70bdd]
[2023-01-20 14:25:13:11474] DEBUG 8748 --- [nio-8080-exec-9] o.s.web.servlet.DispatcherServlet        : Completed 200 OK
[2023-01-20 14:25:13:11477] DEBUG 8748 --- [nio-8080-exec-5] o.s.web.servlet.DispatcherServlet        : GET "/swagger-resources", parameters={}
[2023-01-20 14:25:13:11477] DEBUG 8748 --- [nio-8080-exec-5] s.w.s.m.m.a.RequestMappingHandlerMapping : Mapped to springfox.documentation.swagger.web.ApiResourceController#swaggerResources()
[2023-01-20 14:25:13:11478] DEBUG 8748 --- [nio-8080-exec-5] o.s.w.s.m.m.a.HttpEntityMethodProcessor  : Using 'application/json', given [application/json] and supported [application/json]
[2023-01-20 14:25:13:11481] DEBUG 8748 --- [nio-8080-exec-5] o.s.w.s.m.m.a.HttpEntityMethodProcessor  : Writing [[springfox.documentation.swagger.web.SwaggerResource@215e1c21]]
[2023-01-20 14:25:13:11485] DEBUG 8748 --- [nio-8080-exec-5] o.s.web.servlet.DispatcherServlet        : Completed 200 OK
[2023-01-20 14:25:13:11510] DEBUG 8748 --- [nio-8080-exec-1] o.s.web.servlet.DispatcherServlet        : GET "/v3/api-docs", parameters={}
[2023-01-20 14:25:13:11511] DEBUG 8748 --- [nio-8080-exec-1] s.w.s.m.m.a.RequestMappingHandlerMapping : Mapped to springfox.documentation.oas.web.OpenApiControllerWebMvc#getDocumentation(String, HttpServletRequest)
[2023-01-20 14:25:13:11656] DEBUG 8748 --- [nio-8080-exec-1] o.s.w.s.m.m.a.HttpEntityMethodProcessor  : Using 'application/json', given [application/json, */*] and supported [application/json, application/hal+json]
[2023-01-20 14:25:13:11658] DEBUG 8748 --- [nio-8080-exec-1] o.s.w.s.m.m.a.HttpEntityMethodProcessor  : Writing [springfox.documentation.spring.web.json.Json@72a16a0a]
[2023-01-20 14:25:13:11660] DEBUG 8748 --- [nio-8080-exec-1] o.s.web.servlet.DispatcherServlet        : Completed 200 OK
